<?xml version="1.0" encoding="UTF-8"?>
<testsuite xmlns:xsi="http://www.w3.org/2001/XMLSchema-instance" xsi:noNamespaceSchemaLocation="https://maven.apache.org/surefire/maven-surefire-plugin/xsd/surefire-test-report.xsd" name="com.iot.MqttApplicationTests" time="12.729" tests="2" errors="0" skipped="0" failures="0">
  <properties>
[...]
</properties>
  <testcase name="test1" classname="com.iot.MqttApplicationTests" time="0.861"/>
  <testcase name="contextLoads" classname="com.iot.MqttApplicationTests" time="0.776"/>
</testsuite>